<?xml version="1.0" encoding="UTF-8" ?>
<testsuite tests="24" failures="4" name="runner.TestRunner" time="0.01" errors="0" skipped="0">
  <properties>
[...]
</properties>
  <testcase classname="Scenario: Testing add place api" name="Given Add place payload nimer arabic" time="0.002"/>
  <testcase classname="Scenario: Testing add place api" name="When User wants to call &quot;AddPlaceAPI&quot; with http method &quot;POST&quot;" time="0"/>
  <testcase classname="Scenario: Testing add place api" name="Then Status code should be 200" time="0"/>
  <testcase classname="Scenario: Testing add place api" name="And &quot;status&quot; is response body should equal OK" time="0"/>
  <testcase classname="Scenario: Testing add place api" name="And &quot;scope&quot; is response body should equal APP" time="0"/>
  <testcase classname="Scenario: Testing add place api" name="Scenario: Testing add place api" time="0"/>
  <testcase classname="| Rahaf | English |" name="Given Add place payload Rahaf English" time="0"/>
  <testcase classname="| Rahaf | English |" name="When User wants to call &quot;AddPlaceAPI&quot; with http method &quot;POST&quot;" time="0"/>
  <testcase classname="| Rahaf | English |" name="Then Status code should be 200" time="0"/>
  <testcase classname="| Rahaf | English |" name="And &quot;status&quot; is response body should equal OK" time="0"/>
  <testcase classname="| Rahaf | English |" name="And &quot;scope&quot; is response body should equal APP" time="0"/>
  <testcase classname="| Rahaf | English |" name="And verify created name is incorrectName using getPlaceAPI" time="0.003">
    <failure message="expected:&lt;[incorrectName]&gt; but was:&lt;[Rahaf]&gt;" type="org.junit.ComparisonFailure">org.junit.ComparisonFailure: expected:&lt;[incorrectName]&gt; but was:&lt;[Rahaf]&gt;
	at org.junit.Assert.assertEquals(Assert.java:115)
	at org.junit.Assert.assertEquals(Assert.java:144)
	at steps.googlePlaceSteps.verify_create_name_is(googlePlaceSteps.java:115)
	at ✽.And verify created name is incorrectName using getPlaceAPI(src/test/java/features/googlePlace.feature:24)
</failure>
    <system-out>/get/json
GET
</system-out>
  </testcase>
  <testcase classname="| Rahaf | English |" name="| Rahaf | English |" time="0.003">
    <failure message="expected:&lt;[incorrectName]&gt; but was:&lt;[Rahaf]&gt;" type="org.junit.ComparisonFailure">org.junit.ComparisonFailure: expected:&lt;[incorrectName]&gt; but was:&lt;[Rahaf]&gt;
	at org.junit.Assert.assertEquals(Assert.java:115)
	at org.junit.Assert.assertEquals(Assert.java:144)
	at steps.googlePlaceSteps.verify_create_name_is(googlePlaceSteps.java:115)
	at ✽.And verify created name is incorrectName using getPlaceAPI(src/test/java/features/googlePlace.feature:24)
</failure>
  </testcase>
  <testcase classname="| Fayroz | Arabic |" name="Given Add place payload Fayroz Arabic" time="0"/>
  <testcase classname="| Fayroz | Arabic |" name="When User wants to call &quot;AddPlaceAPI&quot; with http method &quot;POST&quot;" time="0"/>
  <testcase classname="| Fayroz | Arabic |" name="Then Status code should be 200" time="0"/>
  <testcase classname="| Fayroz | Arabic |" name="And &quot;status&quot; is response body should equal OK" time="0"/>
  <testcase classname="| Fayroz | Arabic |" name="And &quot;scope&quot; is response body should equal APP" time="0"/>
  <testcase classname="| Fayroz | Arabic |" name="And verify created name is incorrectName using getPlaceAPI" time="0.001">
    <failure message="expected:&lt;[incorrectName]&gt; but was:&lt;[Fayroz]&gt;" type="org.junit.ComparisonFailure">org.junit.ComparisonFailure: expected:&lt;[incorrectName]&gt; but was:&lt;[Fayroz]&gt;
	at org.junit.Assert.assertEquals(Assert.java:115)
	at org.junit.Assert.assertEquals(Assert.java:144)
	at steps.googlePlaceSteps.verify_create_name_is(googlePlaceSteps.java:115)
	at ✽.And verify created name is incorrectName using getPlaceAPI(src/test/java/features/googlePlace.feature:24)
</failure>
    <system-out>/get/json
GET
</system-out>
  </testcase>
  <testcase classname="| Fayroz | Arabic |" name="| Fayroz | Arabic |" time="0.001">
    <failure message="expected:&lt;[incorrectName]&gt; but was:&lt;[Fayroz]&gt;" type="org.junit.ComparisonFailure">org.junit.ComparisonFailure: expected:&lt;[incorrectName]&gt; but was:&lt;[Fayroz]&gt;
	at org.junit.Assert.assertEquals(Assert.java:115)
	at org.junit.Assert.assertEquals(Assert.java:144)
	at steps.googlePlaceSteps.verify_create_name_is(googlePlaceSteps.java:115)
	at ✽.And verify created name is incorrectName using getPlaceAPI(src/test/java/features/googlePlace.feature:24)
</failure>
  </testcase>
  <testcase classname="Scenario: Delete created place" name="Given Delete created place payload" time="0"/>
  <testcase classname="Scenario: Delete created place" name="When User wants to call &quot;deletePlaceAPI&quot; with http method &quot;DELETE&quot;" time="0"/>
  <testcase classname="Scenario: Delete created place" name="Then Status code should be 200" time="0"/>
  <testcase classname="Scenario: Delete created place" name="Scenario: Delete created place" time="0"/>
</testsuite>